Linked: (/code/catkin_ws/devel/.private/duckietown_msgs/include/duckietown_msgs/LEDDetectionDebugInfo.h, /code/catkin_ws/devel/include/duckietown_msgs/LEDDetectionDebugInfo.h)
Linked: (/code/catkin_ws/devel/.private/duckietown_msgs/include/duckietown_msgs/ThetaDotSample.h, /code/catkin_ws/devel/include/duckietown_msgs/ThetaDotSample.h)
Linked: (/code/catkin_ws/devel/.private/duckietown_msgs/include/duckietown_msgs/KinematicsParameters.h, /code/catkin_ws/devel/include/duckietown_msgs/KinematicsParameters.h)
Linked: (/code/catkin_ws/devel/.private/duckietown_msgs/include/duckietown_msgs/IMUstatusRequest.h, /code/catkin_ws/devel/include/duckietown_msgs/IMUstatusRequest.h)
Linked: (/code/catkin_ws/devel/.private/duckietown_msgs/include/duckietown_msgs/SetCustomLEDPattern.h, /code/catkin_ws/devel/include/duckietown_msgs/SetCustomLEDPattern.h)
Linked: (/code/catkin_ws/devel/.private/duckietown_msgs/include/duckietown_msgs/SceneSegments.h, /code/catkin_ws/devel/include/duckietown_msgs/SceneSegments.h)
Linked: (/code/catkin_ws/devel/.private/duckietown_msgs/include/duckietown_msgs/NodeGetParamsListResponse.h, /code/catkin_ws/devel/include/duckietown_msgs/NodeGetParamsListResponse.h)
Linked: (/code/catkin_ws/devel/.private/duckietown_msgs/include/duckietown_msgs/ChangePatternRequest.h, /code/catkin_ws/devel/include/duckietown_msgs/ChangePatternRequest.h)
Linked: (/code/catkin_ws/devel/.private/duckietown_msgs/include/duckietown_msgs/DiagnosticsRosNode.h, /code/catkin_ws/devel/include/duckietown_msgs/DiagnosticsRosNode.h)
Linked: (/code/catkin_ws/devel/.private/duckietown_msgs/include/duckietown_msgs/LFstatusRequest.h, /code/catkin_ws/devel/include/duckietown_msgs/LFstatusRequest.h)
Linked: (/code/catkin_ws/devel/.private/duckietown_msgs/include/duckietown_msgs/SignalsDetection.h, /code/catkin_ws/devel/include/duckietown_msgs/SignalsDetection.h)
Linked: (/code/catkin_ws/devel/.private/duckietown_msgs/include/duckietown_msgs/SignalsDetectionETHZ17.h, /code/catkin_ws/devel/include/duckietown_msgs/SignalsDetectionETHZ17.h)
Linked: (/code/catkin_ws/devel/.private/duckietown_msgs/include/duckietown_msgs/NodeGetParamsList.h, /code/catkin_ws/devel/include/duckietown_msgs/NodeGetParamsList.h)
Linked: (/code/catkin_ws/devel/.private/duckietown_msgs/include/duckietown_msgs/AntiInstagramThresholds.h, /code/catkin_ws/devel/include/duckietown_msgs/AntiInstagramThresholds.h)
Linked: (/code/catkin_ws/devel/.private/duckietown_msgs/include/duckietown_msgs/DisplayFragment.h, /code/catkin_ws/devel/include/duckietown_msgs/DisplayFragment.h)
Linked: (/code/catkin_ws/devel/.private/duckietown_msgs/include/duckietown_msgs/SetCustomLEDPatternResponse.h, /code/catkin_ws/devel/include/duckietown_msgs/SetCustomLEDPatternResponse.h)
Linked: (/code/catkin_ws/devel/.private/duckietown_msgs/include/duckietown_msgs/Rect.h, /code/catkin_ws/devel/include/duckietown_msgs/Rect.h)
Linked: (/code/catkin_ws/devel/.private/duckietown_msgs/include/duckietown_msgs/NodeGetParamsListRequest.h, /code/catkin_ws/devel/include/duckietown_msgs/NodeGetParamsListRequest.h)
Linked: (/code/catkin_ws/devel/.private/duckietown_msgs/include/duckietown_msgs/WheelsCmdDBV2Stamped.h, /code/catkin_ws/devel/include/duckietown_msgs/WheelsCmdDBV2Stamped.h)
Linked: (/code/catkin_ws/devel/.private/duckietown_msgs/include/duckietown_msgs/ObstacleImageDetection.h, /code/catkin_ws/devel/include/duckietown_msgs/ObstacleImageDetection.h)
Linked: (/code/catkin_ws/devel/.private/duckietown_msgs/include/duckietown_msgs/EncoderStamped.h, /code/catkin_ws/devel/include/duckietown_msgs/EncoderStamped.h)
Linked: (/code/catkin_ws/devel/.private/duckietown_msgs/include/duckietown_msgs/CoordinationClearance.h, /code/catkin_ws/devel/include/duckietown_msgs/CoordinationClearance.h)
Linked: (/code/catkin_ws/devel/.private/duckietown_msgs/include/duckietown_msgs/TurnIDandType.h, /code/catkin_ws/devel/include/duckietown_msgs/TurnIDandType.h)
Linked: (/code/catkin_ws/devel/.private/duckietown_msgs/include/duckietown_msgs/DiagnosticsRosLink.h, /code/catkin_ws/devel/include/duckietown_msgs/DiagnosticsRosLink.h)
Linked: (/code/catkin_ws/devel/.private/duckietown_msgs/include/duckietown_msgs/LineFollowerStamped.h, /code/catkin_ws/devel/include/duckietown_msgs/LineFollowerStamped.h)
Linked: (/code/catkin_ws/devel/.private/duckietown_msgs/include/duckietown_msgs/DiagnosticsRosParameterArray.h, /code/catkin_ws/devel/include/duckietown_msgs/DiagnosticsRosParameterArray.h)
Linked: (/code/catkin_ws/devel/.private/duckietown_msgs/include/duckietown_msgs/Vector2D.h, /code/catkin_ws/devel/include/duckietown_msgs/Vector2D.h)
Linked: (/code/catkin_ws/devel/.private/duckietown_msgs/include/duckietown_msgs/SetVariableRequest.h, /code/catkin_ws/devel/include/duckietown_msgs/SetVariableRequest.h)
Linked: (/code/catkin_ws/devel/.private/duckietown_msgs/include/duckietown_msgs/AprilTagDetection.h, /code/catkin_ws/devel/include/duckietown_msgs/AprilTagDetection.h)
Linked: (/code/catkin_ws/devel/.private/duckietown_msgs/include/duckietown_msgs/SensorsStatus.h, /code/catkin_ws/devel/include/duckietown_msgs/SensorsStatus.h)
Linked: (/code/catkin_ws/devel/.private/duckietown_msgs/include/duckietown_msgs/SetFSMStateResponse.h, /code/catkin_ws/devel/include/duckietown_msgs/SetFSMStateResponse.h)
Linked: (/code/catkin_ws/devel/.private/duckietown_msgs/include/duckietown_msgs/LEDDetectionArray.h, /code/catkin_ws/devel/include/duckietown_msgs/LEDDetectionArray.h)
Linked: (/code/catkin_ws/devel/.private/duckietown_msgs/include/duckietown_msgs/LanePose.h, /code/catkin_ws/devel/include/duckietown_msgs/LanePose.h)
Linked: (/code/catkin_ws/devel/.private/duckietown_msgs/include/duckietown_msgs/NodeRequestParamsUpdateRequest.h, /code/catkin_ws/devel/include/duckietown_msgs/NodeRequestParamsUpdateRequest.h)
Linked: (/code/catkin_ws/devel/.private/duckietown_msgs/include/duckietown_msgs/IntersectionPose.h, /code/catkin_ws/devel/include/duckietown_msgs/IntersectionPose.h)
Linked: (/code/catkin_ws/devel/.private/duckietown_msgs/include/duckietown_msgs/DiagnosticsRosLinkArray.h, /code/catkin_ws/devel/include/duckietown_msgs/DiagnosticsRosLinkArray.h)
Linked: (/code/catkin_ws/devel/.private/duckietown_msgs/include/duckietown_msgs/IntersectionPoseImg.h, /code/catkin_ws/devel/include/duckietown_msgs/IntersectionPoseImg.h)
Linked: (/code/catkin_ws/devel/.private/duckietown_msgs/include/duckietown_msgs/FSMState.h, /code/catkin_ws/devel/include/duckietown_msgs/FSMState.h)
Linked: (/code/catkin_ws/devel/.private/duckietown_msgs/include/duckietown_msgs/SetFSMStateRequest.h, /code/catkin_ws/devel/include/duckietown_msgs/SetFSMStateRequest.h)
Linked: (/code/catkin_ws/devel/.private/duckietown_msgs/include/duckietown_msgs/Segment.h, /code/catkin_ws/devel/include/duckietown_msgs/Segment.h)
Linked: (/code/catkin_ws/devel/.private/duckietown_msgs/include/duckietown_msgs/SetValueRequest.h, /code/catkin_ws/devel/include/duckietown_msgs/SetValueRequest.h)
Linked: (/code/catkin_ws/devel/.private/duckietown_msgs/include/duckietown_msgs/ToFstatus.h, /code/catkin_ws/devel/include/duckietown_msgs/ToFstatus.h)
Linked: (/code/catkin_ws/devel/.private/duckietown_msgs/include/duckietown_msgs/ObstacleProjectedDetectionList.h, /code/catkin_ws/devel/include/duckietown_msgs/ObstacleProjectedDetectionList.h)
Linked: (/code/catkin_ws/devel/.private/duckietown_msgs/include/duckietown_msgs/LEDInterpreter.h, /code/catkin_ws/devel/include/duckietown_msgs/LEDInterpreter.h)
Linked: (/code/catkin_ws/devel/.private/duckietown_msgs/include/duckietown_msgs/GetVariableResponse.h, /code/catkin_ws/devel/include/duckietown_msgs/GetVariableResponse.h)
Linked: (/code/catkin_ws/devel/.private/duckietown_msgs/include/duckietown_msgs/Pose2DStamped.h, /code/catkin_ws/devel/include/duckietown_msgs/Pose2DStamped.h)
Linked: (/code/catkin_ws/devel/.private/duckietown_msgs/include/duckietown_msgs/ObstacleType.h, /code/catkin_ws/devel/include/duckietown_msgs/ObstacleType.h)
Linked: (/code/catkin_ws/devel/.private/duckietown_msgs/include/duckietown_msgs/SensorsStatusRequest.h, /code/catkin_ws/devel/include/duckietown_msgs/SensorsStatusRequest.h)
Linked: (/code/catkin_ws/devel/.private/duckietown_msgs/include/duckietown_msgs/SetFSMState.h, /code/catkin_ws/devel/include/duckietown_msgs/SetFSMState.h)
Linked: (/code/catkin_ws/devel/.private/duckietown_msgs/include/duckietown_msgs/LEDPattern.h, /code/catkin_ws/devel/include/duckietown_msgs/LEDPattern.h)
Linked: (/code/catkin_ws/devel/.private/duckietown_msgs/include/duckietown_msgs/GetVariableRequest.h, /code/catkin_ws/devel/include/duckietown_msgs/GetVariableRequest.h)
Linked: (/code/catkin_ws/devel/.private/duckietown_msgs/include/duckietown_msgs/BoolStamped.h, /code/catkin_ws/devel/include/duckietown_msgs/BoolStamped.h)
Linked: (/code/catkin_ws/devel/.private/duckietown_msgs/include/duckietown_msgs/WheelEncoderStamped.h, /code/catkin_ws/devel/include/duckietown_msgs/WheelEncoderStamped.h)
Linked: (/code/catkin_ws/devel/.private/duckietown_msgs/include/duckietown_msgs/DroneMode.h, /code/catkin_ws/devel/include/duckietown_msgs/DroneMode.h)
Linked: (/code/catkin_ws/devel/.private/duckietown_msgs/include/duckietown_msgs/SensorsStatusResponse.h, /code/catkin_ws/devel/include/duckietown_msgs/SensorsStatusResponse.h)
Linked: (/code/catkin_ws/devel/.private/duckietown_msgs/include/duckietown_msgs/ChangePatternResponse.h, /code/catkin_ws/devel/include/duckietown_msgs/ChangePatternResponse.h)
Linked: (/code/catkin_ws/devel/.private/duckietown_msgs/include/duckietown_msgs/WheelsCmd.h, /code/catkin_ws/devel/include/duckietown_msgs/WheelsCmd.h)
Linked: (/code/catkin_ws/devel/.private/duckietown_msgs/include/duckietown_msgs/DiagnosticsRosTopic.h, /code/catkin_ws/devel/include/duckietown_msgs/DiagnosticsRosTopic.h)
Linked: (/code/catkin_ws/devel/.private/duckietown_msgs/include/duckietown_msgs/DiagnosticsRosTopicArray.h, /code/catkin_ws/devel/include/duckietown_msgs/DiagnosticsRosTopicArray.h)
Linked: (/code/catkin_ws/devel/.private/duckietown_msgs/include/duckietown_msgs/LFstatusResponse.h, /code/catkin_ws/devel/include/duckietown_msgs/LFstatusResponse.h)
Linked: (/code/catkin_ws/devel/.private/duckietown_msgs/include/duckietown_msgs/GetVariable.h, /code/catkin_ws/devel/include/duckietown_msgs/GetVariable.h)
Linked: (/code/catkin_ws/devel/.private/duckietown_msgs/include/duckietown_msgs/Pixel.h, /code/catkin_ws/devel/include/duckietown_msgs/Pixel.h)
Linked: (/code/catkin_ws/devel/.private/duckietown_msgs/include/duckietown_msgs/NodeRequestParamsUpdateResponse.h, /code/catkin_ws/devel/include/duckietown_msgs/NodeRequestParamsUpdateResponse.h)
Linked: (/code/catkin_ws/devel/.private/duckietown_msgs/include/duckietown_msgs/SourceTargetNodes.h, /code/catkin_ws/devel/include/duckietown_msgs/SourceTargetNodes.h)
Linked: (/code/catkin_ws/devel/.private/duckietown_msgs/include/duckietown_msgs/VehiclePose.h, /code/catkin_ws/devel/include/duckietown_msgs/VehiclePose.h)
Linked: (/code/catkin_ws/devel/.private/duckietown_msgs/include/duckietown_msgs/AprilTagsWithInfos.h, /code/catkin_ws/devel/include/duckietown_msgs/AprilTagsWithInfos.h)
Linked: (/code/catkin_ws/devel/.private/duckietown_msgs/include/duckietown_msgs/IMUstatusResponse.h, /code/catkin_ws/devel/include/duckietown_msgs/IMUstatusResponse.h)
Linked: (/code/catkin_ws/devel/.private/duckietown_msgs/include/duckietown_msgs/SetValueResponse.h, /code/catkin_ws/devel/include/duckietown_msgs/SetValueResponse.h)
Linked: (/code/catkin_ws/devel/.private/duckietown_msgs/include/duckietown_msgs/DiagnosticsCodeProfilingArray.h, /code/catkin_ws/devel/include/duckietown_msgs/DiagnosticsCodeProfilingArray.h)
Linked: (/code/catkin_ws/devel/.private/duckietown_msgs/include/duckietown_msgs/ToFstatusResponse.h, /code/catkin_ws/devel/include/duckietown_msgs/ToFstatusResponse.h)
Linked: (/code/catkin_ws/devel/.private/duckietown_msgs/include/duckietown_msgs/DiagnosticsCodeProfiling.h, /code/catkin_ws/devel/include/duckietown_msgs/DiagnosticsCodeProfiling.h)
Linked: (/code/catkin_ws/devel/.private/duckietown_msgs/include/duckietown_msgs/NodeParameter.h, /code/catkin_ws/devel/include/duckietown_msgs/NodeParameter.h)
Linked: (/code/catkin_ws/devel/.private/duckietown_msgs/include/duckietown_msgs/ToFstatusRequest.h, /code/catkin_ws/devel/include/duckietown_msgs/ToFstatusRequest.h)
Linked: (/code/catkin_ws/devel/.private/duckietown_msgs/include/duckietown_msgs/Trajectory.h, /code/catkin_ws/devel/include/duckietown_msgs/Trajectory.h)
Linked: (/code/catkin_ws/devel/.private/duckietown_msgs/include/duckietown_msgs/LFstatus.h, /code/catkin_ws/devel/include/duckietown_msgs/LFstatus.h)
Linked: (/code/catkin_ws/devel/.private/duckietown_msgs/include/duckietown_msgs/MaintenanceState.h, /code/catkin_ws/devel/include/duckietown_msgs/MaintenanceState.h)
Linked: (/code/catkin_ws/devel/.private/duckietown_msgs/include/duckietown_msgs/IntersectionPoseImgDebug.h, /code/catkin_ws/devel/include/duckietown_msgs/IntersectionPoseImgDebug.h)
Linked: (/code/catkin_ws/devel/.private/duckietown_msgs/include/duckietown_msgs/NodeRequestParamsUpdate.h, /code/catkin_ws/devel/include/duckietown_msgs/NodeRequestParamsUpdate.h)
Linked: (/code/catkin_ws/devel/.private/duckietown_msgs/include/duckietown_msgs/DroneControl.h, /code/catkin_ws/devel/include/duckietown_msgs/DroneControl.h)
Linked: (/code/catkin_ws/devel/.private/duckietown_msgs/include/duckietown_msgs/IMUstatus.h, /code/catkin_ws/devel/include/duckietown_msgs/IMUstatus.h)
Linked: (/code/catkin_ws/devel/.private/duckietown_msgs/include/duckietown_msgs/KinematicsWeights.h, /code/catkin_ws/devel/include/duckietown_msgs/KinematicsWeights.h)
Linked: (/code/catkin_ws/devel/.private/duckietown_msgs/include/duckietown_msgs/AprilTagDetectionArray.h, /code/catkin_ws/devel/include/duckietown_msgs/AprilTagDetectionArray.h)
Linked: (/code/catkin_ws/devel/.private/duckietown_msgs/include/duckietown_msgs/SegmentList.h, /code/catkin_ws/devel/include/duckietown_msgs/SegmentList.h)
Linked: (/code/catkin_ws/devel/.private/duckietown_msgs/include/duckietown_msgs/DuckiebotLED.h, /code/catkin_ws/devel/include/duckietown_msgs/DuckiebotLED.h)
Linked: (/code/catkin_ws/devel/.private/duckietown_msgs/include/duckietown_msgs/LightSensor.h, /code/catkin_ws/devel/include/duckietown_msgs/LightSensor.h)
Linked: (/code/catkin_ws/devel/.private/duckietown_msgs/include/duckietown_msgs/ObstacleImageDetectionList.h, /code/catkin_ws/devel/include/duckietown_msgs/ObstacleImageDetectionList.h)
Linked: (/code/catkin_ws/devel/.private/duckietown_msgs/include/duckietown_msgs/LEDDetection.h, /code/catkin_ws/devel/include/duckietown_msgs/LEDDetection.h)
Linked: (/code/catkin_ws/devel/.private/duckietown_msgs/include/duckietown_msgs/SetValue.h, /code/catkin_ws/devel/include/duckietown_msgs/SetValue.h)
Linked: (/code/catkin_ws/devel/.private/duckietown_msgs/include/duckietown_msgs/TagInfo.h, /code/catkin_ws/devel/include/duckietown_msgs/TagInfo.h)
Linked: (/code/catkin_ws/devel/.private/duckietown_msgs/include/duckietown_msgs/VehicleCorners.h, /code/catkin_ws/devel/include/duckietown_msgs/VehicleCorners.h)
Linked: (/code/catkin_ws/devel/.private/duckietown_msgs/include/duckietown_msgs/SetCustomLEDPatternRequest.h, /code/catkin_ws/devel/include/duckietown_msgs/SetCustomLEDPatternRequest.h)
Linked: (/code/catkin_ws/devel/.private/duckietown_msgs/include/duckietown_msgs/SetVariableResponse.h, /code/catkin_ws/devel/include/duckietown_msgs/SetVariableResponse.h)
Linked: (/code/catkin_ws/devel/.private/duckietown_msgs/include/duckietown_msgs/SetVariable.h, /code/catkin_ws/devel/include/duckietown_msgs/SetVariable.h)
Linked: (/code/catkin_ws/devel/.private/duckietown_msgs/include/duckietown_msgs/Vsample.h, /code/catkin_ws/devel/include/duckietown_msgs/Vsample.h)
Linked: (/code/catkin_ws/devel/.private/duckietown_msgs/include/duckietown_msgs/Rects.h, /code/catkin_ws/devel/include/duckietown_msgs/Rects.h)
Linked: (/code/catkin_ws/devel/.private/duckietown_msgs/include/duckietown_msgs/WheelsCmdStamped.h, /code/catkin_ws/devel/include/duckietown_msgs/WheelsCmdStamped.h)
Linked: (/code/catkin_ws/devel/.private/duckietown_msgs/include/duckietown_msgs/CoordinationSignal.h, /code/catkin_ws/devel/include/duckietown_msgs/CoordinationSignal.h)
Linked: (/code/catkin_ws/devel/.private/duckietown_msgs/include/duckietown_msgs/ButtonEvent.h, /code/catkin_ws/devel/include/duckietown_msgs/ButtonEvent.h)
Linked: (/code/catkin_ws/devel/.private/duckietown_msgs/include/duckietown_msgs/Twist2DStamped.h, /code/catkin_ws/devel/include/duckietown_msgs/Twist2DStamped.h)
Linked: (/code/catkin_ws/devel/.private/duckietown_msgs/include/duckietown_msgs/ParamTuner.h, /code/catkin_ws/devel/include/duckietown_msgs/ParamTuner.h)
Linked: (/code/catkin_ws/devel/.private/duckietown_msgs/include/duckietown_msgs/ChangePattern.h, /code/catkin_ws/devel/include/duckietown_msgs/ChangePattern.h)
Linked: (/code/catkin_ws/devel/.private/duckietown_msgs/include/duckietown_msgs/ObstacleProjectedDetection.h, /code/catkin_ws/devel/include/duckietown_msgs/ObstacleProjectedDetection.h)
Linked: (/code/catkin_ws/devel/.private/duckietown_msgs/include/duckietown_msgs/CarControl.h, /code/catkin_ws/devel/include/duckietown_msgs/CarControl.h)
Linked: (/code/catkin_ws/devel/.private/duckietown_msgs/include/duckietown_msgs/StopLineReading.h, /code/catkin_ws/devel/include/duckietown_msgs/StopLineReading.h)
Linked: (/code/catkin_ws/devel/.private/duckietown_msgs/lib/pkgconfig/duckietown_msgs.pc, /code/catkin_ws/devel/lib/pkgconfig/duckietown_msgs.pc)
Linked: (/code/catkin_ws/devel/.private/duckietown_msgs/lib/python3/dist-packages/duckietown_msgs/__init__.py, /code/catkin_ws/devel/lib/python3/dist-packages/duckietown_msgs/__init__.py)
Linked: (/code/catkin_ws/devel/.private/duckietown_msgs/lib/python3/dist-packages/duckietown_msgs/msg/_Trajectory.py, /code/catkin_ws/devel/lib/python3/dist-packages/duckietown_msgs/msg/_Trajectory.py)
Linked: (/code/catkin_ws/devel/.private/duckietown_msgs/lib/python3/dist-packages/duckietown_msgs/msg/_ObstacleProjectedDetection.py, /code/catkin_ws/devel/lib/python3/dist-packages/duckietown_msgs/msg/_ObstacleProjectedDetection.py)
Linked: (/code/catkin_ws/devel/.private/duckietown_msgs/lib/python3/dist-packages/duckietown_msgs/msg/_DiagnosticsRosTopicArray.py, /code/catkin_ws/devel/lib/python3/dist-packages/duckietown_msgs/msg/_DiagnosticsRosTopicArray.py)
Linked: (/code/catkin_ws/devel/.private/duckietown_msgs/lib/python3/dist-packages/duckietown_msgs/msg/_SignalsDetection.py, /code/catkin_ws/devel/lib/python3/dist-packages/duckietown_msgs/msg/_SignalsDetection.py)
Linked: (/code/catkin_ws/devel/.private/duckietown_msgs/lib/python3/dist-packages/duckietown_msgs/msg/_DroneControl.py, /code/catkin_ws/devel/lib/python3/dist-packages/duckietown_msgs/msg/_DroneControl.py)
Linked: (/code/catkin_ws/devel/.private/duckietown_msgs/lib/python3/dist-packages/duckietown_msgs/msg/_ButtonEvent.py, /code/catkin_ws/devel/lib/python3/dist-packages/duckietown_msgs/msg/_ButtonEvent.py)
Linked: (/code/catkin_ws/devel/.private/duckietown_msgs/lib/python3/dist-packages/duckietown_msgs/msg/_DiagnosticsRosNode.py, /code/catkin_ws/devel/lib/python3/dist-packages/duckietown_msgs/msg/_DiagnosticsRosNode.py)
Linked: (/code/catkin_ws/devel/.private/duckietown_msgs/lib/python3/dist-packages/duckietown_msgs/msg/_LanePose.py, /code/catkin_ws/devel/lib/python3/dist-packages/duckietown_msgs/msg/_LanePose.py)
Linked: (/code/catkin_ws/devel/.private/duckietown_msgs/lib/python3/dist-packages/duckietown_msgs/msg/_EncoderStamped.py, /code/catkin_ws/devel/lib/python3/dist-packages/duckietown_msgs/msg/_EncoderStamped.py)
Linked: (/code/catkin_ws/devel/.private/duckietown_msgs/lib/python3/dist-packages/duckietown_msgs/msg/_LEDDetection.py, /code/catkin_ws/devel/lib/python3/dist-packages/duckietown_msgs/msg/_LEDDetection.py)
Linked: (/code/catkin_ws/devel/.private/duckietown_msgs/lib/python3/dist-packages/duckietown_msgs/msg/_CoordinationClearance.py, /code/catkin_ws/devel/lib/python3/dist-packages/duckietown_msgs/msg/_CoordinationClearance.py)
Linked: (/code/catkin_ws/devel/.private/duckietown_msgs/lib/python3/dist-packages/duckietown_msgs/msg/_DiagnosticsCodeProfilingArray.py, /code/catkin_ws/devel/lib/python3/dist-packages/duckietown_msgs/msg/_DiagnosticsCodeProfilingArray.py)
Linked: (/code/catkin_ws/devel/.private/duckietown_msgs/lib/python3/dist-packages/duckietown_msgs/msg/_TagInfo.py, /code/catkin_ws/devel/lib/python3/dist-packages/duckietown_msgs/msg/_TagInfo.py)
Linked: (/code/catkin_ws/devel/.private/duckietown_msgs/lib/python3/dist-packages/duckietown_msgs/msg/_FSMState.py, /code/catkin_ws/devel/lib/python3/dist-packages/duckietown_msgs/msg/_FSMState.py)
Linked: (/code/catkin_ws/devel/.private/duckietown_msgs/lib/python3/dist-packages/duckietown_msgs/msg/__init__.py, /code/catkin_ws/devel/lib/python3/dist-packages/duckietown_msgs/msg/__init__.py)
Linked: (/code/catkin_ws/devel/.private/duckietown_msgs/lib/python3/dist-packages/duckietown_msgs/msg/_DiagnosticsCodeProfiling.py, /code/catkin_ws/devel/lib/python3/dist-packages/duckietown_msgs/msg/_DiagnosticsCodeProfiling.py)
Linked: (/code/catkin_ws/devel/.private/duckietown_msgs/lib/python3/dist-packages/duckietown_msgs/msg/_StopLineReading.py, /code/catkin_ws/devel/lib/python3/dist-packages/duckietown_msgs/msg/_StopLineReading.py)
Linked: (/code/catkin_ws/devel/.private/duckietown_msgs/lib/python3/dist-packages/duckietown_msgs/msg/_IntersectionPoseImg.py, /code/catkin_ws/devel/lib/python3/dist-packages/duckietown_msgs/msg/_IntersectionPoseImg.py)
Linked: (/code/catkin_ws/devel/.private/duckietown_msgs/lib/python3/dist-packages/duckietown_msgs/msg/_ObstacleProjectedDetectionList.py, /code/catkin_ws/devel/lib/python3/dist-packages/duckietown_msgs/msg/_ObstacleProjectedDetectionList.py)
Linked: (/code/catkin_ws/devel/.private/duckietown_msgs/lib/python3/dist-packages/duckietown_msgs/msg/_Rects.py, /code/catkin_ws/devel/lib/python3/dist-packages/duckietown_msgs/msg/_Rects.py)
Linked: (/code/catkin_ws/devel/.private/duckietown_msgs/lib/python3/dist-packages/duckietown_msgs/msg/_DuckiebotLED.py, /code/catkin_ws/devel/lib/python3/dist-packages/duckietown_msgs/msg/_DuckiebotLED.py)
Linked: (/code/catkin_ws/devel/.private/duckietown_msgs/lib/python3/dist-packages/duckietown_msgs/msg/_Segment.py, /code/catkin_ws/devel/lib/python3/dist-packages/duckietown_msgs/msg/_Segment.py)
Linked: (/code/catkin_ws/devel/.private/duckietown_msgs/lib/python3/dist-packages/duckietown_msgs/msg/_CoordinationSignal.py, /code/catkin_ws/devel/lib/python3/dist-packages/duckietown_msgs/msg/_CoordinationSignal.py)
Linked: (/code/catkin_ws/devel/.private/duckietown_msgs/lib/python3/dist-packages/duckietown_msgs/msg/_AprilTagsWithInfos.py, /code/catkin_ws/devel/lib/python3/dist-packages/duckietown_msgs/msg/_AprilTagsWithInfos.py)
Linked: (/code/catkin_ws/devel/.private/duckietown_msgs/lib/python3/dist-packages/duckietown_msgs/msg/_LineFollowerStamped.py, /code/catkin_ws/devel/lib/python3/dist-packages/duckietown_msgs/msg/_LineFollowerStamped.py)
Linked: (/code/catkin_ws/devel/.private/duckietown_msgs/lib/python3/dist-packages/duckietown_msgs/msg/_Rect.py, /code/catkin_ws/devel/lib/python3/dist-packages/duckietown_msgs/msg/_Rect.py)
Linked: (/code/catkin_ws/devel/.private/duckietown_msgs/lib/python3/dist-packages/duckietown_msgs/msg/_AntiInstagramThresholds.py, /code/catkin_ws/devel/lib/python3/dist-packages/duckietown_msgs/msg/_AntiInstagramThresholds.py)
Linked: (/code/catkin_ws/devel/.private/duckietown_msgs/lib/python3/dist-packages/duckietown_msgs/msg/_Twist2DStamped.py, /code/catkin_ws/devel/lib/python3/dist-packages/duckietown_msgs/msg/_Twist2DStamped.py)
Linked: (/code/catkin_ws/devel/.private/duckietown_msgs/lib/python3/dist-packages/duckietown_msgs/msg/_DiagnosticsRosTopic.py, /code/catkin_ws/devel/lib/python3/dist-packages/duckietown_msgs/msg/_DiagnosticsRosTopic.py)
Linked: (/code/catkin_ws/devel/.private/duckietown_msgs/lib/python3/dist-packages/duckietown_msgs/msg/_KinematicsWeights.py, /code/catkin_ws/devel/lib/python3/dist-packages/duckietown_msgs/msg/_KinematicsWeights.py)
Linked: (/code/catkin_ws/devel/.private/duckietown_msgs/lib/python3/dist-packages/duckietown_msgs/msg/_ObstacleImageDetection.py, /code/catkin_ws/devel/lib/python3/dist-packages/duckietown_msgs/msg/_ObstacleImageDetection.py)
Linked: (/code/catkin_ws/devel/.private/duckietown_msgs/lib/python3/dist-packages/duckietown_msgs/msg/_DiagnosticsRosParameterArray.py, /code/catkin_ws/devel/lib/python3/dist-packages/duckietown_msgs/msg/_DiagnosticsRosParameterArray.py)
Linked: (/code/catkin_ws/devel/.private/duckietown_msgs/lib/python3/dist-packages/duckietown_msgs/msg/_WheelsCmdStamped.py, /code/catkin_ws/devel/lib/python3/dist-packages/duckietown_msgs/msg/_WheelsCmdStamped.py)
Linked: (/code/catkin_ws/devel/.private/duckietown_msgs/lib/python3/dist-packages/duckietown_msgs/msg/_ThetaDotSample.py, /code/catkin_ws/devel/lib/python3/dist-packages/duckietown_msgs/msg/_ThetaDotSample.py)
Linked: (/code/catkin_ws/devel/.private/duckietown_msgs/lib/python3/dist-packages/duckietown_msgs/msg/_LEDPattern.py, /code/catkin_ws/devel/lib/python3/dist-packages/duckietown_msgs/msg/_LEDPattern.py)
Linked: (/code/catkin_ws/devel/.private/duckietown_msgs/lib/python3/dist-packages/duckietown_msgs/msg/_Vsample.py, /code/catkin_ws/devel/lib/python3/dist-packages/duckietown_msgs/msg/_Vsample.py)
Linked: (/code/catkin_ws/devel/.private/duckietown_msgs/lib/python3/dist-packages/duckietown_msgs/msg/_IntersectionPose.py, /code/catkin_ws/devel/lib/python3/dist-packages/duckietown_msgs/msg/_IntersectionPose.py)
Linked: (/code/catkin_ws/devel/.private/duckietown_msgs/lib/python3/dist-packages/duckietown_msgs/msg/_VehicleCorners.py, /code/catkin_ws/devel/lib/python3/dist-packages/duckietown_msgs/msg/_VehicleCorners.py)
Linked: (/code/catkin_ws/devel/.private/duckietown_msgs/lib/python3/dist-packages/duckietown_msgs/msg/_TurnIDandType.py, /code/catkin_ws/devel/lib/python3/dist-packages/duckietown_msgs/msg/_TurnIDandType.py)
Linked: (/code/catkin_ws/devel/.private/duckietown_msgs/lib/python3/dist-packages/duckietown_msgs/msg/_Pose2DStamped.py, /code/catkin_ws/devel/lib/python3/dist-packages/duckietown_msgs/msg/_Pose2DStamped.py)
Linked: (/code/catkin_ws/devel/.private/duckietown_msgs/lib/python3/dist-packages/duckietown_msgs/msg/_CarControl.py, /code/catkin_ws/devel/lib/python3/dist-packages/duckietown_msgs/msg/_CarControl.py)
Linked: (/code/catkin_ws/devel/.private/duckietown_msgs/lib/python3/dist-packages/duckietown_msgs/msg/_SegmentList.py, /code/catkin_ws/devel/lib/python3/dist-packages/duckietown_msgs/msg/_SegmentList.py)
Linked: (/code/catkin_ws/devel/.private/duckietown_msgs/lib/python3/dist-packages/duckietown_msgs/msg/_AprilTagDetection.py, /code/catkin_ws/devel/lib/python3/dist-packages/duckietown_msgs/msg/_AprilTagDetection.py)
Linked: (/code/catkin_ws/devel/.private/duckietown_msgs/lib/python3/dist-packages/duckietown_msgs/msg/_DiagnosticsRosLinkArray.py, /code/catkin_ws/devel/lib/python3/dist-packages/duckietown_msgs/msg/_DiagnosticsRosLinkArray.py)
Linked: (/code/catkin_ws/devel/.private/duckietown_msgs/lib/python3/dist-packages/duckietown_msgs/msg/_ObstacleImageDetectionList.py, /code/catkin_ws/devel/lib/python3/dist-packages/duckietown_msgs/msg/_ObstacleImageDetectionList.py)
Linked: (/code/catkin_ws/devel/.private/duckietown_msgs/lib/python3/dist-packages/duckietown_msgs/msg/_BoolStamped.py, /code/catkin_ws/devel/lib/python3/dist-packages/duckietown_msgs/msg/_BoolStamped.py)
Linked: (/code/catkin_ws/devel/.private/duckietown_msgs/lib/python3/dist-packages/duckietown_msgs/msg/_MaintenanceState.py, /code/catkin_ws/devel/lib/python3/dist-packages/duckietown_msgs/msg/_MaintenanceState.py)
Linked: (/code/catkin_ws/devel/.private/duckietown_msgs/lib/python3/dist-packages/duckietown_msgs/msg/_LEDDetectionArray.py, /code/catkin_ws/devel/lib/python3/dist-packages/duckietown_msgs/msg/_LEDDetectionArray.py)
Linked: (/code/catkin_ws/devel/.private/duckietown_msgs/lib/python3/dist-packages/duckietown_msgs/msg/_DiagnosticsRosLink.py, /code/catkin_ws/devel/lib/python3/dist-packages/duckietown_msgs/msg/_DiagnosticsRosLink.py)
Linked: (/code/catkin_ws/devel/.private/duckietown_msgs/lib/python3/dist-packages/duckietown_msgs/msg/_DroneMode.py, /code/catkin_ws/devel/lib/python3/dist-packages/duckietown_msgs/msg/_DroneMode.py)
Linked: (/code/catkin_ws/devel/.private/duckietown_msgs/lib/python3/dist-packages/duckietown_msgs/msg/_SceneSegments.py, /code/catkin_ws/devel/lib/python3/dist-packages/duckietown_msgs/msg/_SceneSegments.py)
Linked: (/code/catkin_ws/devel/.private/duckietown_msgs/lib/python3/dist-packages/duckietown_msgs/msg/_WheelEncoderStamped.py, /code/catkin_ws/devel/lib/python3/dist-packages/duckietown_msgs/msg/_WheelEncoderStamped.py)
Linked: (/code/catkin_ws/devel/.private/duckietown_msgs/lib/python3/dist-packages/duckietown_msgs/msg/_NodeParameter.py, /code/catkin_ws/devel/lib/python3/dist-packages/duckietown_msgs/msg/_NodeParameter.py)
Linked: (/code/catkin_ws/devel/.private/duckietown_msgs/lib/python3/dist-packages/duckietown_msgs/msg/_AprilTagDetectionArray.py, /code/catkin_ws/devel/lib/python3/dist-packages/duckietown_msgs/msg/_AprilTagDetectionArray.py)
Linked: (/code/catkin_ws/devel/.private/duckietown_msgs/lib/python3/dist-packages/duckietown_msgs/msg/_Vector2D.py, /code/catkin_ws/devel/lib/python3/dist-packages/duckietown_msgs/msg/_Vector2D.py)
Linked: (/code/catkin_ws/devel/.private/duckietown_msgs/lib/python3/dist-packages/duckietown_msgs/msg/_WheelsCmd.py, /code/catkin_ws/devel/lib/python3/dist-packages/duckietown_msgs/msg/_WheelsCmd.py)
Linked: (/code/catkin_ws/devel/.private/duckietown_msgs/lib/python3/dist-packages/duckietown_msgs/msg/_DisplayFragment.py, /code/catkin_ws/devel/lib/python3/dist-packages/duckietown_msgs/msg/_DisplayFragment.py)
Linked: (/code/catkin_ws/devel/.private/duckietown_msgs/lib/python3/dist-packages/duckietown_msgs/msg/_IntersectionPoseImgDebug.py, /code/catkin_ws/devel/lib/python3/dist-packages/duckietown_msgs/msg/_IntersectionPoseImgDebug.py)
Linked: (/code/catkin_ws/devel/.private/duckietown_msgs/lib/python3/dist-packages/duckietown_msgs/msg/_LEDDetectionDebugInfo.py, /code/catkin_ws/devel/lib/python3/dist-packages/duckietown_msgs/msg/_LEDDetectionDebugInfo.py)
Linked: (/code/catkin_ws/devel/.private/duckietown_msgs/lib/python3/dist-packages/duckietown_msgs/msg/_KinematicsParameters.py, /code/catkin_ws/devel/lib/python3/dist-packages/duckietown_msgs/msg/_KinematicsParameters.py)
Linked: (/code/catkin_ws/devel/.private/duckietown_msgs/lib/python3/dist-packages/duckietown_msgs/msg/_ObstacleType.py, /code/catkin_ws/devel/lib/python3/dist-packages/duckietown_msgs/msg/_ObstacleType.py)
Linked: (/code/catkin_ws/devel/.private/duckietown_msgs/lib/python3/dist-packages/duckietown_msgs/msg/_SignalsDetectionETHZ17.py, /code/catkin_ws/devel/lib/python3/dist-packages/duckietown_msgs/msg/_SignalsDetectionETHZ17.py)
Linked: (/code/catkin_ws/devel/.private/duckietown_msgs/lib/python3/dist-packages/duckietown_msgs/msg/_VehiclePose.py, /code/catkin_ws/devel/lib/python3/dist-packages/duckietown_msgs/msg/_VehiclePose.py)
Linked: (/code/catkin_ws/devel/.private/duckietown_msgs/lib/python3/dist-packages/duckietown_msgs/msg/_SourceTargetNodes.py, /code/catkin_ws/devel/lib/python3/dist-packages/duckietown_msgs/msg/_SourceTargetNodes.py)
Linked: (/code/catkin_ws/devel/.private/duckietown_msgs/lib/python3/dist-packages/duckietown_msgs/msg/_ParamTuner.py, /code/catkin_ws/devel/lib/python3/dist-packages/duckietown_msgs/msg/_ParamTuner.py)
Linked: (/code/catkin_ws/devel/.private/duckietown_msgs/lib/python3/dist-packages/duckietown_msgs/msg/_LEDInterpreter.py, /code/catkin_ws/devel/lib/python3/dist-packages/duckietown_msgs/msg/_LEDInterpreter.py)
Linked: (/code/catkin_ws/devel/.private/duckietown_msgs/lib/python3/dist-packages/duckietown_msgs/msg/_LightSensor.py, /code/catkin_ws/devel/lib/python3/dist-packages/duckietown_msgs/msg/_LightSensor.py)
Linked: (/code/catkin_ws/devel/.private/duckietown_msgs/lib/python3/dist-packages/duckietown_msgs/msg/_Pixel.py, /code/catkin_ws/devel/lib/python3/dist-packages/duckietown_msgs/msg/_Pixel.py)
Linked: (/code/catkin_ws/devel/.private/duckietown_msgs/lib/python3/dist-packages/duckietown_msgs/msg/_WheelsCmdDBV2Stamped.py, /code/catkin_ws/devel/lib/python3/dist-packages/duckietown_msgs/msg/_WheelsCmdDBV2Stamped.py)
Linked: (/code/catkin_ws/devel/.private/duckietown_msgs/lib/python3/dist-packages/duckietown_msgs/srv/_SetVariable.py, /code/catkin_ws/devel/lib/python3/dist-packages/duckietown_msgs/srv/_SetVariable.py)
Linked: (/code/catkin_ws/devel/.private/duckietown_msgs/lib/python3/dist-packages/duckietown_msgs/srv/_ChangePattern.py, /code/catkin_ws/devel/lib/python3/dist-packages/duckietown_msgs/srv/_ChangePattern.py)
Linked: (/code/catkin_ws/devel/.private/duckietown_msgs/lib/python3/dist-packages/duckietown_msgs/srv/_SetFSMState.py, /code/catkin_ws/devel/lib/python3/dist-packages/duckietown_msgs/srv/_SetFSMState.py)
Linked: (/code/catkin_ws/devel/.private/duckietown_msgs/lib/python3/dist-packages/duckietown_msgs/srv/_SetCustomLEDPattern.py, /code/catkin_ws/devel/lib/python3/dist-packages/duckietown_msgs/srv/_SetCustomLEDPattern.py)
Linked: (/code/catkin_ws/devel/.private/duckietown_msgs/lib/python3/dist-packages/duckietown_msgs/srv/_IMUstatus.py, /code/catkin_ws/devel/lib/python3/dist-packages/duckietown_msgs/srv/_IMUstatus.py)
Linked: (/code/catkin_ws/devel/.private/duckietown_msgs/lib/python3/dist-packages/duckietown_msgs/srv/__init__.py, /code/catkin_ws/devel/lib/python3/dist-packages/duckietown_msgs/srv/__init__.py)
Linked: (/code/catkin_ws/devel/.private/duckietown_msgs/lib/python3/dist-packages/duckietown_msgs/srv/_NodeRequestParamsUpdate.py, /code/catkin_ws/devel/lib/python3/dist-packages/duckietown_msgs/srv/_NodeRequestParamsUpdate.py)
Linked: (/code/catkin_ws/devel/.private/duckietown_msgs/lib/python3/dist-packages/duckietown_msgs/srv/_LFstatus.py, /code/catkin_ws/devel/lib/python3/dist-packages/duckietown_msgs/srv/_LFstatus.py)
Linked: (/code/catkin_ws/devel/.private/duckietown_msgs/lib/python3/dist-packages/duckietown_msgs/srv/_SensorsStatus.py, /code/catkin_ws/devel/lib/python3/dist-packages/duckietown_msgs/srv/_SensorsStatus.py)
Linked: (/code/catkin_ws/devel/.private/duckietown_msgs/lib/python3/dist-packages/duckietown_msgs/srv/_SetValue.py, /code/catkin_ws/devel/lib/python3/dist-packages/duckietown_msgs/srv/_SetValue.py)
Linked: (/code/catkin_ws/devel/.private/duckietown_msgs/lib/python3/dist-packages/duckietown_msgs/srv/_GetVariable.py, /code/catkin_ws/devel/lib/python3/dist-packages/duckietown_msgs/srv/_GetVariable.py)
Linked: (/code/catkin_ws/devel/.private/duckietown_msgs/lib/python3/dist-packages/duckietown_msgs/srv/_NodeGetParamsList.py, /code/catkin_ws/devel/lib/python3/dist-packages/duckietown_msgs/srv/_NodeGetParamsList.py)
Linked: (/code/catkin_ws/devel/.private/duckietown_msgs/lib/python3/dist-packages/duckietown_msgs/srv/_ToFstatus.py, /code/catkin_ws/devel/lib/python3/dist-packages/duckietown_msgs/srv/_ToFstatus.py)
Linked: (/code/catkin_ws/devel/.private/duckietown_msgs/share/duckietown_msgs/cmake/duckietown_msgs-msg-extras.cmake, /code/catkin_ws/devel/share/duckietown_msgs/cmake/duckietown_msgs-msg-extras.cmake)
Linked: (/code/catkin_ws/devel/.private/duckietown_msgs/share/duckietown_msgs/cmake/duckietown_msgsConfig.cmake, /code/catkin_ws/devel/share/duckietown_msgs/cmake/duckietown_msgsConfig.cmake)
Linked: (/code/catkin_ws/devel/.private/duckietown_msgs/share/duckietown_msgs/cmake/duckietown_msgsConfig-version.cmake, /code/catkin_ws/devel/share/duckietown_msgs/cmake/duckietown_msgsConfig-version.cmake)
Linked: (/code/catkin_ws/devel/.private/duckietown_msgs/share/duckietown_msgs/cmake/duckietown_msgs-msg-paths.cmake, /code/catkin_ws/devel/share/duckietown_msgs/cmake/duckietown_msgs-msg-paths.cmake)
