Symlinking /code/catkin_ws/devel/include/duckietown_msgs/LEDDetectionDebugInfo.h
Symlinking /code/catkin_ws/devel/include/duckietown_msgs/ThetaDotSample.h
Symlinking /code/catkin_ws/devel/include/duckietown_msgs/KinematicsParameters.h
Symlinking /code/catkin_ws/devel/include/duckietown_msgs/IMUstatusRequest.h
Symlinking /code/catkin_ws/devel/include/duckietown_msgs/SetCustomLEDPattern.h
Symlinking /code/catkin_ws/devel/include/duckietown_msgs/SceneSegments.h
Symlinking /code/catkin_ws/devel/include/duckietown_msgs/NodeGetParamsListResponse.h
Symlinking /code/catkin_ws/devel/include/duckietown_msgs/ChangePatternRequest.h
Symlinking /code/catkin_ws/devel/include/duckietown_msgs/DiagnosticsRosNode.h
Symlinking /code/catkin_ws/devel/include/duckietown_msgs/LFstatusRequest.h
Symlinking /code/catkin_ws/devel/include/duckietown_msgs/SignalsDetection.h
Symlinking /code/catkin_ws/devel/include/duckietown_msgs/SignalsDetectionETHZ17.h
Symlinking /code/catkin_ws/devel/include/duckietown_msgs/NodeGetParamsList.h
Symlinking /code/catkin_ws/devel/include/duckietown_msgs/AntiInstagramThresholds.h
Symlinking /code/catkin_ws/devel/include/duckietown_msgs/DisplayFragment.h
Symlinking /code/catkin_ws/devel/include/duckietown_msgs/SetCustomLEDPatternResponse.h
Symlinking /code/catkin_ws/devel/include/duckietown_msgs/Rect.h
Symlinking /code/catkin_ws/devel/include/duckietown_msgs/NodeGetParamsListRequest.h
Symlinking /code/catkin_ws/devel/include/duckietown_msgs/WheelsCmdDBV2Stamped.h
Symlinking /code/catkin_ws/devel/include/duckietown_msgs/ObstacleImageDetection.h
Symlinking /code/catkin_ws/devel/include/duckietown_msgs/EncoderStamped.h
Symlinking /code/catkin_ws/devel/include/duckietown_msgs/CoordinationClearance.h
Symlinking /code/catkin_ws/devel/include/duckietown_msgs/TurnIDandType.h
Symlinking /code/catkin_ws/devel/include/duckietown_msgs/DiagnosticsRosLink.h
Symlinking /code/catkin_ws/devel/include/duckietown_msgs/LineFollowerStamped.h
Symlinking /code/catkin_ws/devel/include/duckietown_msgs/DiagnosticsRosParameterArray.h
Symlinking /code/catkin_ws/devel/include/duckietown_msgs/Vector2D.h
Symlinking /code/catkin_ws/devel/include/duckietown_msgs/SetVariableRequest.h
Symlinking /code/catkin_ws/devel/include/duckietown_msgs/AprilTagDetection.h
Symlinking /code/catkin_ws/devel/include/duckietown_msgs/SensorsStatus.h
Symlinking /code/catkin_ws/devel/include/duckietown_msgs/SetFSMStateResponse.h
Symlinking /code/catkin_ws/devel/include/duckietown_msgs/LEDDetectionArray.h
Symlinking /code/catkin_ws/devel/include/duckietown_msgs/LanePose.h
Symlinking /code/catkin_ws/devel/include/duckietown_msgs/NodeRequestParamsUpdateRequest.h
Symlinking /code/catkin_ws/devel/include/duckietown_msgs/IntersectionPose.h
Symlinking /code/catkin_ws/devel/include/duckietown_msgs/DiagnosticsRosLinkArray.h
Symlinking /code/catkin_ws/devel/include/duckietown_msgs/IntersectionPoseImg.h
Symlinking /code/catkin_ws/devel/include/duckietown_msgs/FSMState.h
Symlinking /code/catkin_ws/devel/include/duckietown_msgs/SetFSMStateRequest.h
Symlinking /code/catkin_ws/devel/include/duckietown_msgs/Segment.h
Symlinking /code/catkin_ws/devel/include/duckietown_msgs/SetValueRequest.h
Symlinking /code/catkin_ws/devel/include/duckietown_msgs/ToFstatus.h
Symlinking /code/catkin_ws/devel/include/duckietown_msgs/ObstacleProjectedDetectionList.h
Symlinking /code/catkin_ws/devel/include/duckietown_msgs/LEDInterpreter.h
Symlinking /code/catkin_ws/devel/include/duckietown_msgs/GetVariableResponse.h
Symlinking /code/catkin_ws/devel/include/duckietown_msgs/Pose2DStamped.h
Symlinking /code/catkin_ws/devel/include/duckietown_msgs/ObstacleType.h
Symlinking /code/catkin_ws/devel/include/duckietown_msgs/SensorsStatusRequest.h
Symlinking /code/catkin_ws/devel/include/duckietown_msgs/SetFSMState.h
Symlinking /code/catkin_ws/devel/include/duckietown_msgs/LEDPattern.h
Symlinking /code/catkin_ws/devel/include/duckietown_msgs/GetVariableRequest.h
Symlinking /code/catkin_ws/devel/include/duckietown_msgs/BoolStamped.h
Symlinking /code/catkin_ws/devel/include/duckietown_msgs/WheelEncoderStamped.h
Symlinking /code/catkin_ws/devel/include/duckietown_msgs/DroneMode.h
Symlinking /code/catkin_ws/devel/include/duckietown_msgs/SensorsStatusResponse.h
Symlinking /code/catkin_ws/devel/include/duckietown_msgs/ChangePatternResponse.h
Symlinking /code/catkin_ws/devel/include/duckietown_msgs/WheelsCmd.h
Symlinking /code/catkin_ws/devel/include/duckietown_msgs/DiagnosticsRosTopic.h
Symlinking /code/catkin_ws/devel/include/duckietown_msgs/DiagnosticsRosTopicArray.h
Symlinking /code/catkin_ws/devel/include/duckietown_msgs/LFstatusResponse.h
Symlinking /code/catkin_ws/devel/include/duckietown_msgs/GetVariable.h
Symlinking /code/catkin_ws/devel/include/duckietown_msgs/Pixel.h
Symlinking /code/catkin_ws/devel/include/duckietown_msgs/NodeRequestParamsUpdateResponse.h
Symlinking /code/catkin_ws/devel/include/duckietown_msgs/SourceTargetNodes.h
Symlinking /code/catkin_ws/devel/include/duckietown_msgs/VehiclePose.h
Symlinking /code/catkin_ws/devel/include/duckietown_msgs/AprilTagsWithInfos.h
Symlinking /code/catkin_ws/devel/include/duckietown_msgs/IMUstatusResponse.h
Symlinking /code/catkin_ws/devel/include/duckietown_msgs/SetValueResponse.h
Symlinking /code/catkin_ws/devel/include/duckietown_msgs/DiagnosticsCodeProfilingArray.h
Symlinking /code/catkin_ws/devel/include/duckietown_msgs/ToFstatusResponse.h
Symlinking /code/catkin_ws/devel/include/duckietown_msgs/DiagnosticsCodeProfiling.h
Symlinking /code/catkin_ws/devel/include/duckietown_msgs/NodeParameter.h
Symlinking /code/catkin_ws/devel/include/duckietown_msgs/ToFstatusRequest.h
Symlinking /code/catkin_ws/devel/include/duckietown_msgs/Trajectory.h
Symlinking /code/catkin_ws/devel/include/duckietown_msgs/LFstatus.h
Symlinking /code/catkin_ws/devel/include/duckietown_msgs/MaintenanceState.h
Symlinking /code/catkin_ws/devel/include/duckietown_msgs/IntersectionPoseImgDebug.h
Symlinking /code/catkin_ws/devel/include/duckietown_msgs/NodeRequestParamsUpdate.h
Symlinking /code/catkin_ws/devel/include/duckietown_msgs/DroneControl.h
Symlinking /code/catkin_ws/devel/include/duckietown_msgs/IMUstatus.h
Symlinking /code/catkin_ws/devel/include/duckietown_msgs/KinematicsWeights.h
Symlinking /code/catkin_ws/devel/include/duckietown_msgs/AprilTagDetectionArray.h
Symlinking /code/catkin_ws/devel/include/duckietown_msgs/SegmentList.h
Symlinking /code/catkin_ws/devel/include/duckietown_msgs/DuckiebotLED.h
Symlinking /code/catkin_ws/devel/include/duckietown_msgs/LightSensor.h
Symlinking /code/catkin_ws/devel/include/duckietown_msgs/ObstacleImageDetectionList.h
Symlinking /code/catkin_ws/devel/include/duckietown_msgs/LEDDetection.h
Symlinking /code/catkin_ws/devel/include/duckietown_msgs/SetValue.h
Symlinking /code/catkin_ws/devel/include/duckietown_msgs/TagInfo.h
Symlinking /code/catkin_ws/devel/include/duckietown_msgs/VehicleCorners.h
Symlinking /code/catkin_ws/devel/include/duckietown_msgs/SetCustomLEDPatternRequest.h
Symlinking /code/catkin_ws/devel/include/duckietown_msgs/SetVariableResponse.h
Symlinking /code/catkin_ws/devel/include/duckietown_msgs/SetVariable.h
Symlinking /code/catkin_ws/devel/include/duckietown_msgs/Vsample.h
Symlinking /code/catkin_ws/devel/include/duckietown_msgs/Rects.h
Symlinking /code/catkin_ws/devel/include/duckietown_msgs/WheelsCmdStamped.h
Symlinking /code/catkin_ws/devel/include/duckietown_msgs/CoordinationSignal.h
Symlinking /code/catkin_ws/devel/include/duckietown_msgs/ButtonEvent.h
Symlinking /code/catkin_ws/devel/include/duckietown_msgs/Twist2DStamped.h
Symlinking /code/catkin_ws/devel/include/duckietown_msgs/ParamTuner.h
Symlinking /code/catkin_ws/devel/include/duckietown_msgs/ChangePattern.h
Symlinking /code/catkin_ws/devel/include/duckietown_msgs/ObstacleProjectedDetection.h
Symlinking /code/catkin_ws/devel/include/duckietown_msgs/CarControl.h
Symlinking /code/catkin_ws/devel/include/duckietown_msgs/StopLineReading.h
Symlinking /code/catkin_ws/devel/lib/pkgconfig/duckietown_msgs.pc
Symlinking /code/catkin_ws/devel/lib/python3/dist-packages/duckietown_msgs/__init__.py
Symlinking /code/catkin_ws/devel/lib/python3/dist-packages/duckietown_msgs/msg/_Trajectory.py
Symlinking /code/catkin_ws/devel/lib/python3/dist-packages/duckietown_msgs/msg/_ObstacleProjectedDetection.py
Symlinking /code/catkin_ws/devel/lib/python3/dist-packages/duckietown_msgs/msg/_DiagnosticsRosTopicArray.py
Symlinking /code/catkin_ws/devel/lib/python3/dist-packages/duckietown_msgs/msg/_SignalsDetection.py
Symlinking /code/catkin_ws/devel/lib/python3/dist-packages/duckietown_msgs/msg/_DroneControl.py
Symlinking /code/catkin_ws/devel/lib/python3/dist-packages/duckietown_msgs/msg/_ButtonEvent.py
Symlinking /code/catkin_ws/devel/lib/python3/dist-packages/duckietown_msgs/msg/_DiagnosticsRosNode.py
Symlinking /code/catkin_ws/devel/lib/python3/dist-packages/duckietown_msgs/msg/_LanePose.py
Symlinking /code/catkin_ws/devel/lib/python3/dist-packages/duckietown_msgs/msg/_EncoderStamped.py
Symlinking /code/catkin_ws/devel/lib/python3/dist-packages/duckietown_msgs/msg/_LEDDetection.py
Symlinking /code/catkin_ws/devel/lib/python3/dist-packages/duckietown_msgs/msg/_CoordinationClearance.py
Symlinking /code/catkin_ws/devel/lib/python3/dist-packages/duckietown_msgs/msg/_DiagnosticsCodeProfilingArray.py
Symlinking /code/catkin_ws/devel/lib/python3/dist-packages/duckietown_msgs/msg/_TagInfo.py
Symlinking /code/catkin_ws/devel/lib/python3/dist-packages/duckietown_msgs/msg/_FSMState.py
Symlinking /code/catkin_ws/devel/lib/python3/dist-packages/duckietown_msgs/msg/__init__.py
Symlinking /code/catkin_ws/devel/lib/python3/dist-packages/duckietown_msgs/msg/_DiagnosticsCodeProfiling.py
Symlinking /code/catkin_ws/devel/lib/python3/dist-packages/duckietown_msgs/msg/_StopLineReading.py
Symlinking /code/catkin_ws/devel/lib/python3/dist-packages/duckietown_msgs/msg/_IntersectionPoseImg.py
Symlinking /code/catkin_ws/devel/lib/python3/dist-packages/duckietown_msgs/msg/_ObstacleProjectedDetectionList.py
Symlinking /code/catkin_ws/devel/lib/python3/dist-packages/duckietown_msgs/msg/_Rects.py
Symlinking /code/catkin_ws/devel/lib/python3/dist-packages/duckietown_msgs/msg/_DuckiebotLED.py
Symlinking /code/catkin_ws/devel/lib/python3/dist-packages/duckietown_msgs/msg/_Segment.py
Symlinking /code/catkin_ws/devel/lib/python3/dist-packages/duckietown_msgs/msg/_CoordinationSignal.py
Symlinking /code/catkin_ws/devel/lib/python3/dist-packages/duckietown_msgs/msg/_AprilTagsWithInfos.py
Symlinking /code/catkin_ws/devel/lib/python3/dist-packages/duckietown_msgs/msg/_LineFollowerStamped.py
Symlinking /code/catkin_ws/devel/lib/python3/dist-packages/duckietown_msgs/msg/_Rect.py
Symlinking /code/catkin_ws/devel/lib/python3/dist-packages/duckietown_msgs/msg/_AntiInstagramThresholds.py
Symlinking /code/catkin_ws/devel/lib/python3/dist-packages/duckietown_msgs/msg/_Twist2DStamped.py
Symlinking /code/catkin_ws/devel/lib/python3/dist-packages/duckietown_msgs/msg/_DiagnosticsRosTopic.py
Symlinking /code/catkin_ws/devel/lib/python3/dist-packages/duckietown_msgs/msg/_KinematicsWeights.py
Symlinking /code/catkin_ws/devel/lib/python3/dist-packages/duckietown_msgs/msg/_ObstacleImageDetection.py
Symlinking /code/catkin_ws/devel/lib/python3/dist-packages/duckietown_msgs/msg/_DiagnosticsRosParameterArray.py
Symlinking /code/catkin_ws/devel/lib/python3/dist-packages/duckietown_msgs/msg/_WheelsCmdStamped.py
Symlinking /code/catkin_ws/devel/lib/python3/dist-packages/duckietown_msgs/msg/_ThetaDotSample.py
Symlinking /code/catkin_ws/devel/lib/python3/dist-packages/duckietown_msgs/msg/_LEDPattern.py
Symlinking /code/catkin_ws/devel/lib/python3/dist-packages/duckietown_msgs/msg/_Vsample.py
Symlinking /code/catkin_ws/devel/lib/python3/dist-packages/duckietown_msgs/msg/_IntersectionPose.py
Symlinking /code/catkin_ws/devel/lib/python3/dist-packages/duckietown_msgs/msg/_VehicleCorners.py
Symlinking /code/catkin_ws/devel/lib/python3/dist-packages/duckietown_msgs/msg/_TurnIDandType.py
Symlinking /code/catkin_ws/devel/lib/python3/dist-packages/duckietown_msgs/msg/_Pose2DStamped.py
Symlinking /code/catkin_ws/devel/lib/python3/dist-packages/duckietown_msgs/msg/_CarControl.py
Symlinking /code/catkin_ws/devel/lib/python3/dist-packages/duckietown_msgs/msg/_SegmentList.py
Symlinking /code/catkin_ws/devel/lib/python3/dist-packages/duckietown_msgs/msg/_AprilTagDetection.py
Symlinking /code/catkin_ws/devel/lib/python3/dist-packages/duckietown_msgs/msg/_DiagnosticsRosLinkArray.py
Symlinking /code/catkin_ws/devel/lib/python3/dist-packages/duckietown_msgs/msg/_ObstacleImageDetectionList.py
Symlinking /code/catkin_ws/devel/lib/python3/dist-packages/duckietown_msgs/msg/_BoolStamped.py
Symlinking /code/catkin_ws/devel/lib/python3/dist-packages/duckietown_msgs/msg/_MaintenanceState.py
Symlinking /code/catkin_ws/devel/lib/python3/dist-packages/duckietown_msgs/msg/_LEDDetectionArray.py
Symlinking /code/catkin_ws/devel/lib/python3/dist-packages/duckietown_msgs/msg/_DiagnosticsRosLink.py
Symlinking /code/catkin_ws/devel/lib/python3/dist-packages/duckietown_msgs/msg/_DroneMode.py
Symlinking /code/catkin_ws/devel/lib/python3/dist-packages/duckietown_msgs/msg/_SceneSegments.py
Symlinking /code/catkin_ws/devel/lib/python3/dist-packages/duckietown_msgs/msg/_WheelEncoderStamped.py
Symlinking /code/catkin_ws/devel/lib/python3/dist-packages/duckietown_msgs/msg/_NodeParameter.py
Symlinking /code/catkin_ws/devel/lib/python3/dist-packages/duckietown_msgs/msg/_AprilTagDetectionArray.py
Symlinking /code/catkin_ws/devel/lib/python3/dist-packages/duckietown_msgs/msg/_Vector2D.py
Symlinking /code/catkin_ws/devel/lib/python3/dist-packages/duckietown_msgs/msg/_WheelsCmd.py
Symlinking /code/catkin_ws/devel/lib/python3/dist-packages/duckietown_msgs/msg/_DisplayFragment.py
Symlinking /code/catkin_ws/devel/lib/python3/dist-packages/duckietown_msgs/msg/_IntersectionPoseImgDebug.py
Symlinking /code/catkin_ws/devel/lib/python3/dist-packages/duckietown_msgs/msg/_LEDDetectionDebugInfo.py
Symlinking /code/catkin_ws/devel/lib/python3/dist-packages/duckietown_msgs/msg/_KinematicsParameters.py
Symlinking /code/catkin_ws/devel/lib/python3/dist-packages/duckietown_msgs/msg/_ObstacleType.py
Symlinking /code/catkin_ws/devel/lib/python3/dist-packages/duckietown_msgs/msg/_SignalsDetectionETHZ17.py
Symlinking /code/catkin_ws/devel/lib/python3/dist-packages/duckietown_msgs/msg/_VehiclePose.py
Symlinking /code/catkin_ws/devel/lib/python3/dist-packages/duckietown_msgs/msg/_SourceTargetNodes.py
Symlinking /code/catkin_ws/devel/lib/python3/dist-packages/duckietown_msgs/msg/_ParamTuner.py
Symlinking /code/catkin_ws/devel/lib/python3/dist-packages/duckietown_msgs/msg/_LEDInterpreter.py
Symlinking /code/catkin_ws/devel/lib/python3/dist-packages/duckietown_msgs/msg/_LightSensor.py
Symlinking /code/catkin_ws/devel/lib/python3/dist-packages/duckietown_msgs/msg/_Pixel.py
Symlinking /code/catkin_ws/devel/lib/python3/dist-packages/duckietown_msgs/msg/_WheelsCmdDBV2Stamped.py
Symlinking /code/catkin_ws/devel/lib/python3/dist-packages/duckietown_msgs/srv/_SetVariable.py
Symlinking /code/catkin_ws/devel/lib/python3/dist-packages/duckietown_msgs/srv/_ChangePattern.py
Symlinking /code/catkin_ws/devel/lib/python3/dist-packages/duckietown_msgs/srv/_SetFSMState.py
Symlinking /code/catkin_ws/devel/lib/python3/dist-packages/duckietown_msgs/srv/_SetCustomLEDPattern.py
Symlinking /code/catkin_ws/devel/lib/python3/dist-packages/duckietown_msgs/srv/_IMUstatus.py
Symlinking /code/catkin_ws/devel/lib/python3/dist-packages/duckietown_msgs/srv/__init__.py
Symlinking /code/catkin_ws/devel/lib/python3/dist-packages/duckietown_msgs/srv/_NodeRequestParamsUpdate.py
Symlinking /code/catkin_ws/devel/lib/python3/dist-packages/duckietown_msgs/srv/_LFstatus.py
Symlinking /code/catkin_ws/devel/lib/python3/dist-packages/duckietown_msgs/srv/_SensorsStatus.py
Symlinking /code/catkin_ws/devel/lib/python3/dist-packages/duckietown_msgs/srv/_SetValue.py
Symlinking /code/catkin_ws/devel/lib/python3/dist-packages/duckietown_msgs/srv/_GetVariable.py
Symlinking /code/catkin_ws/devel/lib/python3/dist-packages/duckietown_msgs/srv/_NodeGetParamsList.py
Symlinking /code/catkin_ws/devel/lib/python3/dist-packages/duckietown_msgs/srv/_ToFstatus.py
Symlinking /code/catkin_ws/devel/share/duckietown_msgs/cmake/duckietown_msgs-msg-extras.cmake
Symlinking /code/catkin_ws/devel/share/duckietown_msgs/cmake/duckietown_msgsConfig.cmake
Symlinking /code/catkin_ws/devel/share/duckietown_msgs/cmake/duckietown_msgsConfig-version.cmake
Symlinking /code/catkin_ws/devel/share/duckietown_msgs/cmake/duckietown_msgs-msg-paths.cmake
