Performing C SOURCE FILE Test CMAKE_HAVE_LIBC_PTHREAD failed with the following output:
Change Dir: /code/catkin_ws/build/ground_projection/CMakeFiles/CMakeTmp

Run Build Command(s):/usr/bin/make cmTC_fb12f/fast && /usr/bin/make  -f CMakeFiles/cmTC_fb12f.dir/build.make CMakeFiles/cmTC_fb12f.dir/build
make[1]: Entering directory '/code/catkin_ws/build/ground_projection/CMakeFiles/CMakeTmp'
Building C object CMakeFiles/cmTC_fb12f.dir/src.c.o
/usr/bin/cc -DCMAKE_HAVE_LIBC_PTHREAD   -o CMakeFiles/cmTC_fb12f.dir/src.c.o -c /code/catkin_ws/build/ground_projection/CMakeFiles/CMakeTmp/src.c
Linking C executable cmTC_fb12f
/usr/local/bin/cmake -E cmake_link_script CMakeFiles/cmTC_fb12f.dir/link.txt --verbose=1
/usr/bin/cc -rdynamic CMakeFiles/cmTC_fb12f.dir/src.c.o -o cmTC_fb12f 
/usr/bin/ld: CMakeFiles/cmTC_fb12f.dir/src.c.o: in function `main':
src.c:(.text+0x36): undefined reference to `pthread_create'
/usr/bin/ld: src.c:(.text+0x3e): undefined reference to `pthread_detach'
/usr/bin/ld: src.c:(.text+0x46): undefined reference to `pthread_cancel'
/usr/bin/ld: src.c:(.text+0x50): undefined reference to `pthread_join'
collect2: error: ld returned 1 exit status
make[1]: *** [CMakeFiles/cmTC_fb12f.dir/build.make:106: cmTC_fb12f] Error 1
make[1]: Leaving directory '/code/catkin_ws/build/ground_projection/CMakeFiles/CMakeTmp'
make: *** [Makefile:140: cmTC_fb12f/fast] Error 2


Source file was:
#include <pthread.h>

static void* test_func(void* data)
{
  return data;
}

int main(void)
{
  pthread_t thread;
  pthread_create(&thread, NULL, test_func, NULL);
  pthread_detach(thread);
  pthread_cancel(thread);
  pthread_join(thread, NULL);
  pthread_atfork(NULL, NULL, NULL);
  pthread_exit(NULL);

  return 0;
}

Determining if the function pthread_create exists in the pthreads failed with the following output:
Change Dir: /code/catkin_ws/build/ground_projection/CMakeFiles/CMakeTmp

Run Build Command(s):/usr/bin/make cmTC_6a2fc/fast && /usr/bin/make  -f CMakeFiles/cmTC_6a2fc.dir/build.make CMakeFiles/cmTC_6a2fc.dir/build
make[1]: Entering directory '/code/catkin_ws/build/ground_projection/CMakeFiles/CMakeTmp'
Building C object CMakeFiles/cmTC_6a2fc.dir/CheckFunctionExists.c.o
/usr/bin/cc   -DCHECK_FUNCTION_EXISTS=pthread_create -o CMakeFiles/cmTC_6a2fc.dir/CheckFunctionExists.c.o -c /usr/local/share/cmake-3.19/Modules/CheckFunctionExists.c
Linking C executable cmTC_6a2fc
/usr/local/bin/cmake -E cmake_link_script CMakeFiles/cmTC_6a2fc.dir/link.txt --verbose=1
/usr/bin/cc  -DCHECK_FUNCTION_EXISTS=pthread_create -rdynamic CMakeFiles/cmTC_6a2fc.dir/CheckFunctionExists.c.o -o cmTC_6a2fc  -lpthreads 
/usr/bin/ld: cannot find -lpthreads
collect2: error: ld returned 1 exit status
make[1]: *** [CMakeFiles/cmTC_6a2fc.dir/build.make:106: cmTC_6a2fc] Error 1
make[1]: Leaving directory '/code/catkin_ws/build/ground_projection/CMakeFiles/CMakeTmp'
make: *** [Makefile:140: cmTC_6a2fc/fast] Error 2



